0 verbose cli /usr/local/bin/node /usr/local/bin/npm
1 info using npm@10.5.2
2 info using node@v20.13.1
3 timing npm:load:whichnode Completed in 0ms
4 timing config:load:defaults Completed in 0ms
5 timing config:load:file:/usr/local/lib/node_modules/npm/npmrc Completed in 1ms
6 timing config:load:builtin Completed in 1ms
7 timing config:load:cli Completed in 1ms
8 timing config:load:env Completed in 0ms
9 timing config:load:file:/Users/qingyuanyang/Desktop/SG-Wombat/.npmrc Completed in 0ms
10 timing config:load:project Completed in 1ms
11 timing config:load:file:/Users/qingyuanyang/.npmrc Completed in 2ms
12 timing config:load:user Completed in 2ms
13 timing config:load:file:/Users/qingyuanyang/Desktop/SG-Wombat/“/Users/qingyuanyang/kaifa/nodejs/node_global”/etc/npmrc Completed in 0ms
14 timing config:load:global Completed in 0ms
15 timing config:load:setEnvs Completed in 0ms
16 timing config:load Completed in 6ms
17 timing npm:load:configload Completed in 6ms
18 timing config:load:flatten Completed in 2ms
19 timing npm:load:mkdirpcache Completed in 0ms
20 timing npm:load:mkdirplogs Completed in 0ms
21 verbose title npm run dev
22 verbose argv "run" "dev"
23 timing npm:load:setTitle Completed in 6ms
24 timing npm:load:display Completed in 0ms
25 verbose logfile logs-max:10 dir:/Users/qingyuanyang/Desktop/SG-Wombat/“/Users/qingyuanyang/kaifa/nodejs/node_cache”/_logs/2024-05-15T02_28_56_184Z-
26 verbose logfile /Users/qingyuanyang/Desktop/SG-Wombat/“/Users/qingyuanyang/kaifa/nodejs/node_cache”/_logs/2024-05-15T02_28_56_184Z-debug-0.log
27 timing npm:load:logFile Completed in 2ms
28 timing npm:load:timers Completed in 0ms
29 timing npm:load:configScope Completed in 0ms
30 timing npm:load Completed in 28ms
31 silly logfile done cleaning log files
32 timing command:run Completed in 17ms
33 verbose stack Error: Could not read package.json: Error: ENOENT: no such file or directory, open '/Users/qingyuanyang/Desktop/SG-Wombat/package.json'
33 verbose stack     at async open (node:internal/fs/promises:636:25)
33 verbose stack     at async readFile (node:internal/fs/promises:1246:14)
33 verbose stack     at async PackageJson.load (/usr/local/lib/node_modules/npm/node_modules/@npmcli/package-json/lib/index.js:129:31)
33 verbose stack     at async PackageJson.normalize (/usr/local/lib/node_modules/npm/node_modules/@npmcli/package-json/lib/index.js:115:5)
33 verbose stack     at async RunScript.run (/usr/local/lib/node_modules/npm/lib/commands/run-script.js:72:27)
33 verbose stack     at async module.exports (/usr/local/lib/node_modules/npm/lib/cli-entry.js:61:5)
34 verbose cwd /Users/qingyuanyang/Desktop/SG-Wombat
35 verbose Darwin 22.5.0
36 verbose node v20.13.1
37 verbose npm  v10.5.2
38 error code ENOENT
39 error syscall open
40 error path /Users/qingyuanyang/Desktop/SG-Wombat/package.json
41 error errno -2
42 error enoent Could not read package.json: Error: ENOENT: no such file or directory, open '/Users/qingyuanyang/Desktop/SG-Wombat/package.json'
43 error enoent This is related to npm not being able to find a file.
43 error enoent
44 verbose exit -2
45 timing npm Completed in 63ms
46 verbose code -2
47 error A complete log of this run can be found in: /Users/qingyuanyang/Desktop/SG-Wombat/“/Users/qingyuanyang/kaifa/nodejs/node_cache”/_logs/2024-05-15T02_28_56_184Z-debug-0.log
